INFO  Validating config
Inferno is in development mode.
INFO  =======================================
 ██╗ ██████╗ █████╗ ██████╗ ██╗   ██╗███████╗
 ██║██╔════╝██╔══██╗██╔══██╗██║   ██║██╔════╝
 ██║██║     ███████║██████╔╝██║   ██║███████╗
 ██║██║     ██╔══██║██╔══██╗██║   ██║╚════██║
 ██║╚██████╗██║  ██║██║  ██║╚██████╔╝███████║
 ╚═╝ ╚═════╝╚═╝  ╚═╝╚═╝  ╚═╝ ╚═════╝ ╚══════╝
=============================================
INFO  === Checking package dependencies ===
INFO  === Checking theme configurations ===
WARN  Theme configurations failed one or more checks.
WARN  Icarus may still run, but you will encounter unexcepted results.
WARN  Here is some information for you to correct the configuration file.
WARN  [
  {
    keyword: 'const',
    dataPath: '.comment.type',
    schemaPath: '/comment/disqus.json/properties/type/const',
    params: { allowedValue: 'disqus' },
    message: 'should be equal to constant'
  },
  {
    keyword: 'const',
    dataPath: '.comment.type',
    schemaPath: '/comment/changyan.json/properties/type/const',
    params: { allowedValue: 'changyan' },
    message: 'should be equal to constant'
  },
  {
    keyword: 'const',
    dataPath: '.comment.type',
    schemaPath: '/comment/disqusjs.json/properties/type/const',
    params: { allowedValue: 'disqusjs' },
    message: 'should be equal to constant'
  },
  {
    keyword: 'const',
    dataPath: '.comment.type',
    schemaPath: '/comment/facebook.json/properties/type/const',
    params: { allowedValue: 'facebook' },
    message: 'should be equal to constant'
  },
  {
    keyword: 'const',
    dataPath: '.comment.type',
    schemaPath: '/comment/gitalk.json/properties/type/const',
    params: { allowedValue: 'gitalk' },
    message: 'should be equal to constant'
  },
  {
    keyword: 'const',
    dataPath: '.comment.type',
    schemaPath: '/comment/gitment.json/properties/type/const',
    params: { allowedValue: 'gitment' },
    message: 'should be equal to constant'
  },
  {
    keyword: 'const',
    dataPath: '.comment.type',
    schemaPath: '/comment/isso.json/properties/type/const',
    params: { allowedValue: 'isso' },
    message: 'should be equal to constant'
  },
  {
    keyword: 'const',
    dataPath: '.comment.type',
    schemaPath: '/comment/livere.json/properties/type/const',
    params: { allowedValue: 'livere' },
    message: 'should be equal to constant'
  },
  {
    keyword: 'const',
    dataPath: '.comment.type',
    schemaPath: '/comment/utterances.json/properties/type/const',
    params: { allowedValue: 'utterances' },
    message: 'should be equal to constant'
  },
  {
    keyword: 'const',
    dataPath: '.comment.type',
    schemaPath: '/comment/valine.json/properties/type/const',
    params: { allowedValue: 'valine' },
    message: 'should be equal to constant'
  },
  {
    keyword: 'oneOf',
    dataPath: '.comment',
    schemaPath: '#/oneOf',
    params: { passingSchemas: null },
    message: 'should match exactly one schema in oneOf'
  }
]
INFO  === Registering Hexo extensions ===
INFO  Start processing
Browserslist: caniuse-lite is outdated. Please run:
npx browserslist@latest --update-db

Why you should do it regularly:
https://github.com/browserslist/browserslist#browsers-data-updating
ERROR {
  err: ValidationError: `null` is not a string!
      at new WarehouseError (/data/data/com.termux/files/home/Notes_BK/node_modules/warehouse/lib/error.js:14:11)
      at new ValidationError (/data/data/com.termux/files/home/Notes_BK/node_modules/warehouse/lib/error/validation.js:5:1)
      at SchemaTypeString.validate (/data/data/com.termux/files/home/Notes_BK/node_modules/warehouse/lib/types/string.js:36:13)
      at Array.<anonymous> (/data/data/com.termux/files/home/Notes_BK/node_modules/warehouse/lib/schema.js:510:27)
      at Schema._applySetters (/data/data/com.termux/files/home/Notes_BK/node_modules/warehouse/lib/schema.js:640:15)
      at _Model._insertOne (/data/data/com.termux/files/home/Notes_BK/node_modules/warehouse/lib/model.js:158:12)
      at /data/data/com.termux/files/home/Notes_BK/node_modules/warehouse/lib/model.js:179:63
      at tryCatcher (/data/data/com.termux/files/home/Notes_BK/node_modules/bluebird/js/release/util.js:16:23)
      at /data/data/com.termux/files/home/Notes_BK/node_modules/bluebird/js/release/using.js:185:26
      at tryCatcher (/data/data/com.termux/files/home/Notes_BK/node_modules/bluebird/js/release/util.js:16:23)
      at Promise._settlePromiseFromHandler (/data/data/com.termux/files/home/Notes_BK/node_modules/bluebird/js/release/promise.js:547:31)
      at Promise._settlePromise (/data/data/com.termux/files/home/Notes_BK/node_modules/bluebird/js/release/promise.js:604:18)
      at Promise._settlePromise0 (/data/data/com.termux/files/home/Notes_BK/node_modules/bluebird/js/release/promise.js:649:10)
      at Promise._settlePromises (/data/data/com.termux/files/home/Notes_BK/node_modules/bluebird/js/release/promise.js:729:18)
      at Promise._fulfill (/data/data/com.termux/files/home/Notes_BK/node_modules/bluebird/js/release/promise.js:673:18)
      at PromiseArray._resolve (/data/data/com.termux/files/home/Notes_BK/node_modules/bluebird/js/release/promise_array.js:127:19)
      at PromiseArray._promiseFulfilled (/data/data/com.termux/files/home/Notes_BK/node_modules/bluebird/js/release/promise_array.js:145:14)
      at Promise._settlePromise (/data/data/com.termux/files/home/Notes_BK/node_modules/bluebird/js/release/promise.js:609:26)
      at Promise._settlePromise0 (/data/data/com.termux/files/home/Notes_BK/node_modules/bluebird/js/release/promise.js:649:10)
      at Promise._settlePromises (/data/data/com.termux/files/home/Notes_BK/node_modules/bluebird/js/release/promise.js:729:18)
      at _drainQueueStep (/data/data/com.termux/files/home/Notes_BK/node_modules/bluebird/js/release/async.js:93:12)
      at _drainQueue (/data/data/com.termux/files/home/Notes_BK/node_modules/bluebird/js/release/async.js:86:9) {
    code: undefined
  }
} Process failed: %s _posts/Bioinfor/loc-gtf.md
ERROR {
  err: ValidationError: `null` is not a string!
      at new WarehouseError (/data/data/com.termux/files/home/Notes_BK/node_modules/warehouse/lib/error.js:14:11)
      at new ValidationError (/data/data/com.termux/files/home/Notes_BK/node_modules/warehouse/lib/error/validation.js:5:1)
      at SchemaTypeString.validate (/data/data/com.termux/files/home/Notes_BK/node_modules/warehouse/lib/types/string.js:36:13)
      at Array.<anonymous> (/data/data/com.termux/files/home/Notes_BK/node_modules/warehouse/lib/schema.js:510:27)
      at Schema._applySetters (/data/data/com.termux/files/home/Notes_BK/node_modules/warehouse/lib/schema.js:640:15)
      at _Model._insertOne (/data/data/com.termux/files/home/Notes_BK/node_modules/warehouse/lib/model.js:158:12)
      at /data/data/com.termux/files/home/Notes_BK/node_modules/warehouse/lib/model.js:179:63
      at tryCatcher (/data/data/com.termux/files/home/Notes_BK/node_modules/bluebird/js/release/util.js:16:23)
      at /data/data/com.termux/files/home/Notes_BK/node_modules/bluebird/js/release/using.js:185:26
      at tryCatcher (/data/data/com.termux/files/home/Notes_BK/node_modules/bluebird/js/release/util.js:16:23)
      at Promise._settlePromiseFromHandler (/data/data/com.termux/files/home/Notes_BK/node_modules/bluebird/js/release/promise.js:547:31)
      at Promise._settlePromise (/data/data/com.termux/files/home/Notes_BK/node_modules/bluebird/js/release/promise.js:604:18)
      at Promise._settlePromise0 (/data/data/com.termux/files/home/Notes_BK/node_modules/bluebird/js/release/promise.js:649:10)
      at Promise._settlePromises (/data/data/com.termux/files/home/Notes_BK/node_modules/bluebird/js/release/promise.js:729:18)
      at Promise._fulfill (/data/data/com.termux/files/home/Notes_BK/node_modules/bluebird/js/release/promise.js:673:18)
      at PromiseArray._resolve (/data/data/com.termux/files/home/Notes_BK/node_modules/bluebird/js/release/promise_array.js:127:19)
      at PromiseArray._promiseFulfilled (/data/data/com.termux/files/home/Notes_BK/node_modules/bluebird/js/release/promise_array.js:145:14)
      at Promise._settlePromise (/data/data/com.termux/files/home/Notes_BK/node_modules/bluebird/js/release/promise.js:609:26)
      at Promise._settlePromise0 (/data/data/com.termux/files/home/Notes_BK/node_modules/bluebird/js/release/promise.js:649:10)
      at Promise._settlePromises (/data/data/com.termux/files/home/Notes_BK/node_modules/bluebird/js/release/promise.js:729:18)
      at _drainQueueStep (/data/data/com.termux/files/home/Notes_BK/node_modules/bluebird/js/release/async.js:93:12)
      at _drainQueue (/data/data/com.termux/files/home/Notes_BK/node_modules/bluebird/js/release/async.js:86:9) {
    code: undefined
  }
} Process failed: %s _posts/Python/dots-tracking.md
INFO  Hexo is running at http://localhost:4000 . Press Ctrl+C to stop.
(node:19750) Warning: Accessing non-existent property 'lineno' of module exports inside circular dependency
(Use `node --trace-warnings ...` to show where the warning was created)
(node:19750) Warning: Accessing non-existent property 'column' of module exports inside circular dependency
(node:19750) Warning: Accessing non-existent property 'filename' of module exports inside circular dependency
(node:19750) Warning: Accessing non-existent property 'lineno' of module exports inside circular dependency
(node:19750) Warning: Accessing non-existent property 'column' of module exports inside circular dependency
(node:19750) Warning: Accessing non-existent property 'filename' of module exports inside circular dependency
WARN  Icarus cannot load comment "Giscus"
WARN  Icarus cannot load comment "Giscus"
WARN  Icarus cannot load comment "Giscus"
WARN  Icarus cannot load comment "Giscus"
WARN  Icarus cannot load comment "Giscus"
