2022å¹´ 9æœˆ 25æ—¥ æ—¥æ›œæ—¥ 23:25:46 CDT
updating for: annotation.md
ç›®éŒ„: å°å…¥æˆåŠŸ
annotation.md is updated
updating for: Apps.md
ç›®éŒ„: å°å…¥æˆåŠŸ
Apps.md is updated
updating for: BatMeth2.md
ç›®éŒ„: å°å…¥æˆåŠŸ
BatMeth2.md is updated
updating for: Bioconda.md
ç›®éŒ„: å°å…¥æˆåŠŸ
Bioconda.md is updated
updating for: BioDB.md
ç›®éŒ„: å°å…¥æˆåŠŸ
BioDB.md is updated
updating for: biopython-blast.md
ç›®éŒ„: å°å…¥æˆåŠŸ
biopython-blast.md is updated
updating for: biopython-seq2tree.md
ç›®éŒ„: å°å…¥æˆåŠŸ
biopython-seq2tree.md is updated
updating for: blast.md
ç›®éŒ„: å°å…¥æˆåŠŸ
blast.md is updated
updating for: chipseq.md
ç›®éŒ„: å°å…¥æˆåŠŸ
chipseq.md is updated
updating for: Competent_c.md
ç›®éŒ„: å°å…¥æˆåŠŸ
Competent_c.md is updated
updating for: cpat.md
ç›®éŒ„: å°å…¥æˆåŠŸ
cpat.md is updated
updating for: cufflinks.md
ç›®éŒ„: å°å…¥æˆåŠŸ
cufflinks.md is updated
updating for: Denove-Prokaryotic-Genome-with-Spader.md
ç›®éŒ„: å°å…¥æˆåŠŸ
Denove-Prokaryotic-Genome-with-Spader.md is updated
updating for: dgi_db.md
ç›®éŒ„: å°å…¥æˆåŠŸ
dgi_db.md is updated
updating for: DNA-seq.md
ç›®éŒ„: å°å…¥æˆåŠŸ
DNA-seq.md is updated
updating for: epigenome.md
ç›®éŒ„: å°å…¥æˆåŠŸ
epigenome.md is updated
updating for: E-utilities.md
ç›®éŒ„: å°å…¥æˆåŠŸ
E-utilities.md is updated
updating for: faAlign.md
ç›®éŒ„: å°å…¥æˆåŠŸ
faAlign.md is updated
updating for: fastafromvcf.md
ç›®éŒ„: å°å…¥æˆåŠŸ
fastafromvcf.md is updated
updating for: fastp.md
ç›®éŒ„: å°å…¥æˆåŠŸ
fastp.md is updated
updating for: fastqc.md
ç›®éŒ„: å°å…¥æˆåŠŸ
fastqc.md is updated
updating for: food_gene_db.md
ç›®éŒ„: å°å…¥æˆåŠŸ
food_gene_db.md is updated
updating for: fq-aligner.md
ç›®éŒ„: å°å…¥æˆåŠŸ
fq-aligner.md is updated
updating for: genefromgenome.md
ç›®éŒ„: å°å…¥æˆåŠŸ
genefromgenome.md is updated
updating for: Genome_Histone_Chip-Seq_CD-Genomics.md
ç›®éŒ„: å°å…¥æˆåŠŸ
Genome_Histone_Chip-Seq_CD-Genomics.md is updated
updating for: GO_ontology.md
ç›®éŒ„: å°å…¥æˆåŠŸ
GO_ontology.md is updated
updating for: igv.md
ç›®éŒ„: å°å…¥æˆåŠŸ
igv.md is updated
updating for: index.md
ç›®éŒ„: å°å…¥æˆåŠŸ
index.md [91mUPDAT FAILED!!![0m
updating for: layout.md
ç›®éŒ„: å°å…¥æˆåŠŸ
layout.md [91mUPDAT FAILED!!![0m
updating for: miRNA_pipleine.md
ç›®éŒ„: å°å…¥æˆåŠŸ
miRNA_pipleine.md is updated
updating for: mrna-trinity-new.md
ç›®éŒ„: å°å…¥æˆåŠŸ
mrna-trinity-new.md is updated
updating for: OddsRatio.md
ç›®éŒ„: å°å…¥æˆåŠŸ
OddsRatio.md is updated
updating for: paper-edger.md
ç›®éŒ„: å°å…¥æˆåŠŸ
paper-edger.md is updated
updating for: proteomic-contaminants.md
ç›®éŒ„: å°å…¥æˆåŠŸ
proteomic-contaminants.md is updated
updating for: pymol.md
ç›®éŒ„: å°å…¥æˆåŠŸ
pymol.md is updated
updating for: QIIME2.md
ç›®éŒ„: å°å…¥æˆåŠŸ
QIIME2.md is updated
updating for: RNA-seq-with-Trinity.md
ç›®éŒ„: å°å…¥æˆåŠŸ
RNA-seq-with-Trinity.md is updated
updating for: samtools.md
ç›®éŒ„: å°å…¥æˆåŠŸ
samtools.md is updated
updating for: sanger_seq.md
ç›®éŒ„: å°å…¥æˆåŠŸ
sanger_seq.md is updated
updating for: sigcell1.md
ç›®éŒ„: å°å…¥æˆåŠŸ
sigcell1.md is updated
updating for: sigcellnote1.md
ç›®éŒ„: å°å…¥æˆåŠŸ
sigcellnote1.md is updated
updating for: SkillNet.md
ç›®éŒ„: å°å…¥æˆåŠŸ
SkillNet.md is updated
updating for: snpfun.md
ç›®éŒ„: å°å…¥æˆåŠŸ
snpfun.md is updated
updating for: snp_gatk.md
ç›®éŒ„: å°å…¥æˆåŠŸ
snp_gatk.md is updated
updating for: SNP_more.md
ç›®éŒ„: å°å…¥æˆåŠŸ
SNP_more.md is updated
updating for: snp_samtools.md
ç›®éŒ„: å°å…¥æˆåŠŸ
snp_samtools.md is updated
updating for: sratools.md
ç›®éŒ„: å°å…¥æˆåŠŸ
sratools.md is updated
updating for: summary.md
ç›®éŒ„: å°å…¥æˆåŠŸ
summary.md [91mUPDAT FAILED!!![0m
updating for: Tophat.md
ç›®éŒ„: å°å…¥æˆåŠŸ
Tophat.md is updated
updating for: TransDecoder.md
ç›®éŒ„: å°å…¥æˆåŠŸ
TransDecoder.md is updated
updating for: Trimmomatic.md
ç›®éŒ„: å°å…¥æˆåŠŸ
Trimmomatic.md is updated
updating for: trinity-false.md
ç›®éŒ„: å°å…¥æˆåŠŸ
trinity-false.md is updated
updating for: Trinity.md
ç›®éŒ„: å°å…¥æˆåŠŸ
Trinity.md is updated
updating for: UNIPROT_API.md
ç›®éŒ„: å°å…¥æˆåŠŸ
UNIPROT_API.md is updated
updating for: unmapped-reads.md
ç›®éŒ„: å°å…¥æˆåŠŸ
unmapped-reads.md is updated
updating for: WGCNA.md
ç›®éŒ„: å°å…¥æˆåŠŸ
WGCNA.md is updated
updating for: yuque.yml
ç›®éŒ„: å°å…¥æˆåŠŸ
yuque.yml [91mUPDAT FAILED!!![0m
updating for: android-garbageclean.md
ç›®éŒ„: å°å…¥å¤±æ•—
android-garbageclean.md is updated
updating for: Baidu_statistic.md
ç›®éŒ„: å°å…¥å¤±æ•—
Baidu_statistic.md is updated
updating for: BiliBili-API.md
ç›®éŒ„: å°å…¥å¤±æ•—
BiliBili-API.md is updated
updating for: Biomeeting.md
ç›®éŒ„: å°å…¥å¤±æ•—
Biomeeting.md is updated
updating for: build_index.md
ç›®éŒ„: å°å…¥å¤±æ•—
build_index.md is updated
updating for: compouse-keys.md
ç›®éŒ„: å°å…¥å¤±æ•—
compouse-keys.md is updated
updating for: ConvData_python.md
ç›®éŒ„: å°å…¥å¤±æ•—
ConvData_python.md is updated
updating for: dead_link.md
ç›®éŒ„: å°å…¥å¤±æ•—
dead_link.md is updated
updating for: depression-record.md
ç›®éŒ„: å°å…¥å¤±æ•—
depression-record.md is updated
updating for: echart.md
ç›®éŒ„: å°å…¥å¤±æ•—
echart.md is updated
updating for: fasta_counts_ex.md
ç›®éŒ„: å°å…¥å¤±æ•—
fasta_counts_ex.md is updated
updating for: ggplot_hclust.md
ç›®éŒ„: å°å…¥å¤±æ•—
ggplot_hclust.md is updated
updating for: ggplot_KEGG.md
ç›®éŒ„: å°å…¥å¤±æ•—
ggplot_KEGG.md is updated
updating for: ggplot_NRPlot.md
ç›®éŒ„: å°å…¥å¤±æ•—
ggplot_NRPlot.md is updated
updating for: ggplot_split.md
ç›®éŒ„: å°å…¥å¤±æ•—
ggplot_split.md is updated
updating for: Graphviz.md
ç›®éŒ„: å°å…¥å¤±æ•—
Graphviz.md is updated
updating for: Hexo_batch.md
ç›®éŒ„: å°å…¥å¤±æ•—
Hexo_batch.md is updated
updating for: hexo-butterfly.md
ç›®éŒ„: å°å…¥å¤±æ•—
hexo-butterfly.md is updated
updating for: Hexo_code.md
ç›®éŒ„: å°å…¥å¤±æ•—
Hexo_code.md is updated
updating for: Hexo_footnotes.md
ç›®éŒ„: å°å…¥å¤±æ•—
Hexo_footnotes.md is updated
updating for: Hexo_gitpage.md
ç›®éŒ„: å°å…¥å¤±æ•—
Hexo_gitpage.md is updated
updating for: hexo_icarus.md
ç›®éŒ„: å°å…¥å¤±æ•—
hexo_icarus.md is updated
updating for: Hexo_list.md
ç›®éŒ„: å°å…¥å¤±æ•—
Hexo_list.md is updated
updating for: Hexo_live2d.md
ç›®éŒ„: å°å…¥å¤±æ•—
Hexo_live2d.md is updated
updating for: hexo_lived2d_busuanzi.md
ç›®éŒ„: å°å…¥å¤±æ•—
hexo_lived2d_busuanzi.md is updated
updating for: Hexo_math.md
ç›®éŒ„: å°å…¥å¤±æ•—
Hexo_math.md is updated
updating for: Hexo_post.md
ç›®éŒ„: å°å…¥å¤±æ•—
Hexo_post.md is updated
updating for: Hexo_search.md
ç›®éŒ„: å°å…¥å¤±æ•—
Hexo_search.md is updated
updating for: hexo-sitemap.md
ç›®éŒ„: å°å…¥å¤±æ•—
hexo-sitemap.md is updated
updating for: Hexo_widget_weather.md
ç›®éŒ„: å°å…¥å¤±æ•—
Hexo_widget_weather.md is updated
updating for: hexo-worldmap.md
ç›®éŒ„: å°å…¥å¤±æ•—
hexo-worldmap.md is updated
updating for: Html_gittalk.md
ç›®éŒ„: å°å…¥å¤±æ•—
Html_gittalk.md is updated
updating for: html_infscroll.md
ç›®éŒ„: å°å…¥å¤±æ•—
html_infscroll.md is updated
updating for: Html.md
ç›®éŒ„: å°å…¥å¤±æ•—
Html.md is updated
updating for: index.md
ç›®éŒ„: å°å…¥å¤±æ•—
index.md [91mUPDAT FAILED!!![0m
updating for: khal.md
ç›®éŒ„: å°å…¥å¤±æ•—
khal.md is updated
updating for: Kivy_actionbar.md
ç›®éŒ„: å°å…¥å¤±æ•—
Kivy_actionbar.md is updated
updating for: Kivy_chinese.md
ç›®éŒ„: å°å…¥å¤±æ•—
Kivy_chinese.md is updated
updating for: Kivy_newfeed.md
ç›®éŒ„: å°å…¥å¤±æ•—
Kivy_newfeed.md is updated
updating for: Kivy_note1.md
ç›®éŒ„: å°å…¥å¤±æ•—
Kivy_note1.md is updated
updating for: Latex.md
ç›®éŒ„: å°å…¥å¤±æ•—
Latex.md is updated
updating for: layout.md
ç›®éŒ„: å°å…¥å¤±æ•—
layout.md [91mUPDAT FAILED!!![0m
updating for: Online_tools.md
ç›®éŒ„: å°å…¥å¤±æ•—
Online_tools.md is updated
updating for: OpenCV_BlurtDetect.md
ç›®éŒ„: å°å…¥å¤±æ•—
OpenCV_BlurtDetect.md is updated
updating for: pdf2txt.md
ç›®éŒ„: å°å…¥å¤±æ•—
pdf2txt.md is updated
updating for: Post_1.md
ç›®éŒ„: å°å…¥å¤±æ•—
Post_1.md [91mUPDAT FAILED!!![0m
updating for: Py_img2video.md
ç›®éŒ„: å°å…¥å¤±æ•—
Py_img2video.md is updated
updating for: Py_openCV_speed.md
ç›®éŒ„: å°å…¥å¤±æ•—
Py_openCV_speed.md is updated
updating for: Python_Bilibot.md
ç›®éŒ„: å°å…¥å¤±æ•—
Python_Bilibot.md is updated
updating for: Python-crawl_news.md
ç›®éŒ„: å°å…¥å¤±æ•—
Python-crawl_news.md is updated
updating for: Python_cw_book.md
ç›®éŒ„: å°å…¥å¤±æ•—
Python_cw_book.md is updated
updating for: Python_down_ht2pdf2png.md
ç›®éŒ„: å°å…¥å¤±æ•—
Python_down_ht2pdf2png.md is updated
updating for: Python_email.md
ç›®éŒ„: å°å…¥å¤±æ•—
Python_email.md is updated
updating for: Python_imgResize.md
ç›®éŒ„: å°å…¥å¤±æ•—
Python_imgResize.md is updated
updating for: Python_IP_Loc.md
ç›®éŒ„: å°å…¥å¤±æ•—
Python_IP_Loc.md is updated
updating for: python_loc_get.md
ç›®éŒ„: å°å…¥å¤±æ•—
python_loc_get.md is updated
updating for: Python-resizeOutline.md
ç›®éŒ„: å°å…¥å¤±æ•—
Python-resizeOutline.md is updated
updating for: python_seqlen.md
ç›®éŒ„: å°å…¥å¤±æ•—
python_seqlen.md is updated
updating for: Python_todolist.md
ç›®éŒ„: å°å…¥å¤±æ•—
Python_todolist.md is updated
updating for: Python-urwid-Quick.md
ç›®éŒ„: å°å…¥å¤±æ•—
Python-urwid-Quick.md is updated
updating for: Python_WBA.md
ç›®éŒ„: å°å…¥å¤±æ•—
Python_WBA.md is updated
updating for: Py_url_Rtime.md
ç›®éŒ„: å°å…¥å¤±æ•—
Py_url_Rtime.md is updated
updating for: R_abi_re.md
ç›®éŒ„: å°å…¥å¤±æ•—
R_abi_re.md is updated
updating for: R_Plate_tricks.md
ç›®éŒ„: å°å…¥å¤±æ•—
R_Plate_tricks.md is updated
updating for: R_XGboost.md
ç›®éŒ„: å°å…¥å¤±æ•—
R_XGboost.md is updated
updating for: submit_baidu.md
ç›®éŒ„: å°å…¥å¤±æ•—
submit_baidu.md is updated
updating for: tank1.md
ç›®éŒ„: å°å…¥å¤±æ•—
tank1.md is updated
updating for: tank_notes.md
ç›®éŒ„: å°å…¥å¤±æ•—
tank_notes.md is updated
updating for: tools.md
ç›®éŒ„: å°å…¥å¤±æ•—
tools.md is updated
updating for: Urwid-Biliboard.md
ç›®éŒ„: å°å…¥å¤±æ•—
Urwid-Biliboard.md is updated
updating for: waque.md
ç›®éŒ„: å°å…¥å¤±æ•—
waque.md is updated
updating for: weight-t.md
ç›®éŒ„: å°å…¥å¤±æ•—
weight-t.md is updated
updating for: yuque_API.md
ç›®éŒ„: å°å…¥å¤±æ•—
yuque_API.md is updated
updating for: yuque.yml
ç›®éŒ„: å°å…¥å¤±æ•—
yuque.yml [91mUPDAT FAILED!!![0m
updating for: bdt_ts.md
ç›®éŒ„: å°å…¥æˆåŠŸ
bdt_ts.md is updated
updating for: binomial.md
ç›®éŒ„: å°å…¥æˆåŠŸ
binomial.md is updated
updating for: books_stemcell_ig.md
ç›®éŒ„: å°å…¥æˆåŠŸ
books_stemcell_ig.md is updated
updating for: class-math1.md
ç›®éŒ„: å°å…¥æˆåŠŸ
class-math1.md is updated
updating for: diabetes.md
ç›®éŒ„: å°å…¥æˆåŠŸ
diabetes.md is updated
updating for: DNA_Is_NotDestiny.md
ç›®éŒ„: å°å…¥æˆåŠŸ
DNA_Is_NotDestiny.md is updated
updating for: edx-biochm-10.md
ç›®éŒ„: å°å…¥æˆåŠŸ
edx-biochm-10.md is updated
updating for: edx-biochm-11.md
ç›®éŒ„: å°å…¥æˆåŠŸ
edx-biochm-11.md is updated
updating for: edx-biochm-12.md
ç›®éŒ„: å°å…¥æˆåŠŸ
edx-biochm-12.md is updated
updating for: edx-biochm-13.md
ç›®éŒ„: å°å…¥æˆåŠŸ
edx-biochm-13.md is updated
updating for: edx-biochm-14.md
ç›®éŒ„: å°å…¥æˆåŠŸ
edx-biochm-14.md is updated
updating for: edx-biochm-15.md
ç›®éŒ„: å°å…¥æˆåŠŸ
edx-biochm-15.md is updated
updating for: edx-biochm-16.md
ç›®éŒ„: å°å…¥æˆåŠŸ
edx-biochm-16.md is updated
updating for: edx-biochm-17.md
ç›®éŒ„: å°å…¥æˆåŠŸ
edx-biochm-17.md is updated
updating for: edx-biochm-18.md
ç›®éŒ„: å°å…¥æˆåŠŸ
edx-biochm-18.md is updated
updating for: edx-biochm-19.md
ç›®éŒ„: å°å…¥æˆåŠŸ
edx-biochm-19.md is updated
updating for: edx-biochm-1.md
ç›®éŒ„: å°å…¥æˆåŠŸ
edx-biochm-1.md is updated
updating for: edx-biochm-20.md
ç›®éŒ„: å°å…¥æˆåŠŸ
edx-biochm-20.md is updated
updating for: edx-biochm-21.md
ç›®éŒ„: å°å…¥æˆåŠŸ
edx-biochm-21.md is updated
updating for: edx-biochm-22.md
ç›®éŒ„: å°å…¥æˆåŠŸ
edx-biochm-22.md is updated
updating for: edx-biochm-23.md
ç›®éŒ„: å°å…¥æˆåŠŸ
edx-biochm-23.md is updated
updating for: edx-biochm-24.md
ç›®éŒ„: å°å…¥æˆåŠŸ
edx-biochm-24.md is updated
updating for: edx-biochm-25.md
ç›®éŒ„: å°å…¥æˆåŠŸ
edx-biochm-25.md is updated
updating for: edx-biochm-2.md
ç›®éŒ„: å°å…¥æˆåŠŸ
edx-biochm-2.md is updated
updating for: edx-biochm-3.md
ç›®éŒ„: å°å…¥æˆåŠŸ
edx-biochm-3.md is updated
updating for: edx-biochm-4.md
ç›®éŒ„: å°å…¥æˆåŠŸ
edx-biochm-4.md is updated
updating for: edx-biochm-5.md
ç›®éŒ„: å°å…¥æˆåŠŸ
edx-biochm-5.md is updated
updating for: edx-biochm-6.md
ç›®éŒ„: å°å…¥æˆåŠŸ
edx-biochm-6.md is updated
updating for: edx-biochm-7.md
ç›®éŒ„: å°å…¥æˆåŠŸ
edx-biochm-7.md is updated
updating for: edx-biochm-8.md
ç›®éŒ„: å°å…¥æˆåŠŸ
edx-biochm-8.md is updated
updating for: edx-biochm-9.md
ç›®éŒ„: å°å…¥æˆåŠŸ
edx-biochm-9.md is updated
updating for: edx-cellbio-1.md
ç›®éŒ„: å°å…¥æˆåŠŸ
edx-cellbio-1.md is updated
updating for: edx_python_data.md
ç›®éŒ„: å°å…¥æˆåŠŸ
edx_python_data.md is updated
updating for: Eng_fish.md
ç›®éŒ„: å°å…¥æˆåŠŸ
Eng_fish.md is updated
updating for: Eng.md
ç›®éŒ„: å°å…¥æˆåŠŸ
Eng.md is updated
updating for: Eng_w.md
ç›®éŒ„: å°å…¥æˆåŠŸ
Eng_w.md is updated
updating for: Fish_dygestion.md
ç›®éŒ„: å°å…¥æˆåŠŸ
Fish_dygestion.md is updated
updating for: fly-behavior.md
ç›®éŒ„: å°å…¥æˆåŠŸ
fly-behavior.md is updated
updating for: fly-cross.md
ç›®éŒ„: å°å…¥æˆåŠŸ
fly-cross.md is updated
updating for: flypush-1.txt
ç›®éŒ„: å°å…¥æˆåŠŸ
flypush-1.txt is updated
updating for: Four-Billion-years-of-evolution-in-six-minutes.md
ç›®éŒ„: å°å…¥æˆåŠŸ
Four-Billion-years-of-evolution-in-six-minutes.md is updated
updating for: fourier-transforms.md
ç›®éŒ„: å°å…¥æˆåŠŸ
fourier-transforms.md is updated
updating for: GKNotes.md
ç›®éŒ„: å°å…¥æˆåŠŸ
GKNotes.md is updated
updating for: index.md
ç›®éŒ„: å°å…¥æˆåŠŸ
index.md [91mUPDAT FAILED!!![0m
updating for: Intro.md
ç›®éŒ„: å°å…¥æˆåŠŸ
Intro.md is updated
updating for: japan.md
ç›®éŒ„: å°å…¥æˆåŠŸ
japan.md is updated
updating for: layout.md
ç›®éŒ„: å°å…¥æˆåŠŸ
layout.md [91mUPDAT FAILED!!![0m
updating for: mtGenome.md
ç›®éŒ„: å°å…¥æˆåŠŸ
mtGenome.md is updated
updating for: negbinomial.md
ç›®éŒ„: å°å…¥æˆåŠŸ
negbinomial.md is updated
updating for: nmf.md
ç›®éŒ„: å°å…¥æˆåŠŸ
nmf.md is updated
updating for: ob-ag-fly.md
ç›®éŒ„: å°å…¥æˆåŠŸ
ob-ag-fly.md is updated
updating for: Paper_BSFlylavea_Catfish_2018.md
ç›®éŒ„: å°å…¥æˆåŠŸ
Paper_BSFlylavea_Catfish_2018.md is updated
updating for: Paper_BSFlylavea_review.md
ç›®éŒ„: å°å…¥æˆåŠŸ
Paper_BSFlylavea_review.md is updated
updating for: Paper_BSFlylavea_salmon_2019.md
ç›®éŒ„: å°å…¥æˆåŠŸ
Paper_BSFlylavea_salmon_2019.md is updated
updating for: paper-cancer-mi.md
ç›®éŒ„: å°å…¥æˆåŠŸ
paper-cancer-mi.md is updated
updating for: Paper_Charni2019.md
ç›®éŒ„: å°å…¥æˆåŠŸ
Paper_Charni2019.md is updated
updating for: Paper_Diet_Switch_Fish4.md
ç›®éŒ„: å°å…¥æˆåŠŸ
Paper_Diet_Switch_Fish4.md is updated
updating for: paper_dit_s_micro_1.md
ç›®éŒ„: å°å…¥æˆåŠŸ
paper_dit_s_micro_1.md is updated
updating for: Paper_fish_dencity.md
ç›®éŒ„: å°å…¥æˆåŠŸ
Paper_fish_dencity.md is updated
updating for: paper-immune-integrins.md
ç›®éŒ„: å°å…¥æˆåŠŸ
paper-immune-integrins.md is updated
updating for: paper_regener_limb_salamender.md
ç›®éŒ„: å°å…¥æˆåŠŸ
paper_regener_limb_salamender.md is updated
updating for: paper_review_insectmeal.md
ç›®éŒ„: å°å…¥æˆåŠŸ
paper_review_insectmeal.md is updated
updating for: Paper_RNASeq_Fish1.md
ç›®éŒ„: å°å…¥æˆåŠŸ
Paper_RNASeq_Fish1.md is updated
updating for: Paper_RNASeq_Fish2.md
ç›®éŒ„: å°å…¥æˆåŠŸ
Paper_RNASeq_Fish2.md is updated
updating for: Paper_RNASeq_Fish3.md
ç›®éŒ„: å°å…¥æˆåŠŸ
Paper_RNASeq_Fish3.md is updated
updating for: Paper_RNASeq_Fish4.md
ç›®éŒ„: å°å…¥æˆåŠŸ
Paper_RNASeq_Fish4.md is updated
updating for: paper_synthetic_cell_regener_1.md
ç›®éŒ„: å°å…¥æˆåŠŸ
paper_synthetic_cell_regener_1.md is updated
updating for: Paper_Vilhelmsson2004.md
ç›®éŒ„: å°å…¥æˆåŠŸ
Paper_Vilhelmsson2004.md is updated
updating for: paper_WGCNA.md
ç›®éŒ„: å°å…¥æˆåŠŸ
paper_WGCNA.md is updated
updating for: Paper_WheatInhi.md
ç›®éŒ„: å°å…¥æˆåŠŸ
Paper_WheatInhi.md is updated
updating for: Paper_Yan2020.md
ç›®éŒ„: å°å…¥æˆåŠŸ
Paper_Yan2020.md is updated
updating for: readdaily1.md
ç›®éŒ„: å°å…¥æˆåŠŸ
readdaily1.md is updated
updating for: riboviria.md
ç›®éŒ„: å°å…¥æˆåŠŸ
riboviria.md is updated
updating for: SF_Xmind.md
ç›®éŒ„: å°å…¥æˆåŠŸ
SF_Xmind.md is updated
updating for: statistics-ds-1.md
ç›®éŒ„: å°å…¥æˆåŠŸ
statistics-ds-1.md is updated
updating for: stockingdensity_fish.md
ç›®éŒ„: å°å…¥æˆåŠŸ
stockingdensity_fish.md is updated
updating for: summary.md
ç›®éŒ„: å°å…¥æˆåŠŸ
summary.md [91mUPDAT FAILED!!![0m
updating for: Super-Conductor.md
ç›®éŒ„: å°å…¥æˆåŠŸ
Super-Conductor.md is updated
updating for: Ted2-Selfdecipline.md
ç›®éŒ„: å°å…¥æˆåŠŸ
Ted2-Selfdecipline.md is updated
updating for: Ted2-Selfdecipline_T.md
ç›®éŒ„: å°å…¥æˆåŠŸ
Ted2-Selfdecipline_T.md is updated
updating for: Ted-Phy1_2.md
ç›®éŒ„: å°å…¥æˆåŠŸ
Ted-Phy1_2.md is updated
updating for: Ted-Phy1.md
ç›®éŒ„: å°å…¥æˆåŠŸ
Ted-Phy1.md is updated
updating for: tsne.md
ç›®éŒ„: å°å…¥æˆåŠŸ
tsne.md is updated
updating for: tulane-biochem-10.md
ç›®éŒ„: å°å…¥æˆåŠŸ
tulane-biochem-10.md is updated
updating for: tulane-biochem-11.md
ç›®éŒ„: å°å…¥æˆåŠŸ
tulane-biochem-11.md is updated
updating for: tulane-biochem-12.md
ç›®éŒ„: å°å…¥æˆåŠŸ
tulane-biochem-12.md is updated
updating for: tulane-biochem-13.md
ç›®éŒ„: å°å…¥æˆåŠŸ
tulane-biochem-13.md is updated
updating for: tulane-biochem-14.md
ç›®éŒ„: å°å…¥æˆåŠŸ
tulane-biochem-14.md is updated
updating for: tulane-biochem-15.md
ç›®éŒ„: å°å…¥æˆåŠŸ
tulane-biochem-15.md is updated
updating for: tulane-biochem-16.md
ç›®éŒ„: å°å…¥æˆåŠŸ
tulane-biochem-16.md is updated
updating for: tulane-biochem-17.md
ç›®éŒ„: å°å…¥æˆåŠŸ
tulane-biochem-17.md is updated
updating for: tulane-biochem-1.md
ç›®éŒ„: å°å…¥æˆåŠŸ
tulane-biochem-1.md is updated
updating for: tulane-biochem-2.md
ç›®éŒ„: å°å…¥æˆåŠŸ
tulane-biochem-2.md is updated
updating for: tulane-biochem-3.md
ç›®éŒ„: å°å…¥æˆåŠŸ
tulane-biochem-3.md is updated
updating for: tulane-biochem-4.md
ç›®éŒ„: å°å…¥æˆåŠŸ
tulane-biochem-4.md is updated
updating for: tulane-biochem-5.md
ç›®éŒ„: å°å…¥æˆåŠŸ
tulane-biochem-5.md is updated
updating for: tulane-biochem-6.md
ç›®éŒ„: å°å…¥æˆåŠŸ
tulane-biochem-6.md is updated
updating for: tulane-biochem-7.md
ç›®éŒ„: å°å…¥æˆåŠŸ
tulane-biochem-7.md is updated
updating for: tulane-biochem-8.md
ç›®éŒ„: å°å…¥æˆåŠŸ
tulane-biochem-8.md is updated
updating for: tulane-biochem-9.md
ç›®éŒ„: å°å…¥æˆåŠŸ
tulane-biochem-9.md is updated
updating for: tulane-bioinf-18.md
ç›®éŒ„: å°å…¥æˆåŠŸ
tulane-bioinf-18.md is updated
updating for: tulane-bioinf-1.md
ç›®éŒ„: å°å…¥æˆåŠŸ
tulane-bioinf-1.md is updated
updating for: tulane-biostat-1.md
ç›®éŒ„: å°å…¥æˆåŠŸ
tulane-biostat-1.md is updated
updating for: tulane-biostat-2.md
ç›®éŒ„: å°å…¥æˆåŠŸ
tulane-biostat-2.md is updated
updating for: tulane-biostat-3.md
ç›®éŒ„: å°å…¥æˆåŠŸ
tulane-biostat-3.md is updated
updating for: tulane-cellbio-10.md
ç›®éŒ„: å°å…¥æˆåŠŸ
tulane-cellbio-10.md is updated
updating for: tulane-cellbio-11.md
ç›®éŒ„: å°å…¥æˆåŠŸ
tulane-cellbio-11.md is updated
updating for: tulane-cellbio-12.md
ç›®éŒ„: å°å…¥æˆåŠŸ
tulane-cellbio-12.md is updated
updating for: tulane-cellbio-13.md
ç›®éŒ„: å°å…¥æˆåŠŸ
tulane-cellbio-13.md is updated
updating for: tulane-cellbio-14.md
ç›®éŒ„: å°å…¥æˆåŠŸ
tulane-cellbio-14.md is updated
updating for: tulane-cellbio-15.md
ç›®éŒ„: å°å…¥æˆåŠŸ
tulane-cellbio-15.md is updated
updating for: tulane-cellbio-16.md
ç›®éŒ„: å°å…¥æˆåŠŸ
tulane-cellbio-16.md is updated
updating for: tulane-cellbio-1.md
ç›®éŒ„: å°å…¥æˆåŠŸ
tulane-cellbio-1.md is updated
updating for: tulane-cellbio-2.md
ç›®éŒ„: å°å…¥æˆåŠŸ
tulane-cellbio-2.md is updated
updating for: tulane-cellbio-3.md
ç›®éŒ„: å°å…¥æˆåŠŸ
tulane-cellbio-3.md is updated
updating for: tulane-cellbio-4.md
ç›®éŒ„: å°å…¥æˆåŠŸ
tulane-cellbio-4.md is updated
updating for: tulane-cellbio-5.md
ç›®éŒ„: å°å…¥æˆåŠŸ
tulane-cellbio-5.md is updated
updating for: tulane-cellbio-6.md
ç›®éŒ„: å°å…¥æˆåŠŸ
tulane-cellbio-6.md is updated
updating for: tulane-cellbio-7.md
ç›®éŒ„: å°å…¥æˆåŠŸ
tulane-cellbio-7.md is updated
updating for: tulane-cellbio-8.md
ç›®éŒ„: å°å…¥æˆåŠŸ
tulane-cellbio-8.md is updated
updating for: tulane-cellbio-9.md
ç›®éŒ„: å°å…¥æˆåŠŸ
tulane-cellbio-9.md is updated
updating for: tulane-genetics-1.md
ç›®éŒ„: å°å…¥æˆåŠŸ
tulane-genetics-1.md is updated
updating for: writing-advice.md
ç›®éŒ„: å°å…¥æˆåŠŸ
writing-advice.md is updated
updating for: writing.md
ç›®éŒ„: å°å…¥æˆåŠŸ
writing.md is updated
updating for: yuque.yml
ç›®éŒ„: å°å…¥æˆåŠŸ
yuque.yml [91mUPDAT FAILED!!![0m
updating for: Atom.md
ç›®éŒ„: å°å…¥æˆåŠŸ
Atom.md is updated
updating for: awk.md
ç›®éŒ„: å°å…¥æˆåŠŸ
awk.md is updated
updating for: Blive-with-RasperryPi.md
ç›®éŒ„: å°å…¥æˆåŠŸ
Blive-with-RasperryPi.md is updated
updating for: bluetooth.md
ç›®éŒ„: å°å…¥æˆåŠŸ
bluetooth.md is updated
updating for: Conky.md
ç›®éŒ„: å°å…¥æˆåŠŸ
Conky.md is updated
updating for: Conky_si_fi.md
ç›®éŒ„: å°å…¥æˆåŠŸ
Conky_si_fi.md is updated
updating for: cp.md
ç›®éŒ„: å°å…¥æˆåŠŸ
cp.md is updated
updating for: Deepin15_Bugs.md
ç›®éŒ„: å°å…¥æˆåŠŸ
Deepin15_Bugs.md is updated
updating for: Deepin_gtop.md
ç›®éŒ„: å°å…¥æˆåŠŸ
Deepin_gtop.md is updated
updating for: Deepin_OBS.md
ç›®éŒ„: å°å…¥æˆåŠŸ
Deepin_OBS.md is updated
updating for: Deepin_scrcpy.md
ç›®éŒ„: å°å…¥æˆåŠŸ
Deepin_scrcpy.md is updated
updating for: Disck-Manage.md
ç›®éŒ„: å°å…¥æˆåŠŸ
Disck-Manage.md is updated
updating for: Download-Software.md
ç›®éŒ„: å°å…¥æˆåŠŸ
Download-Software.md is updated
updating for: ffmpeg.md
ç›®éŒ„: å°å…¥æˆåŠŸ
ffmpeg.md is updated
updating for: GIMP.md
ç›®éŒ„: å°å…¥æˆåŠŸ
GIMP.md is updated
updating for: github.md
ç›®éŒ„: å°å…¥æˆåŠŸ
github.md is updated
updating for: grep.md
ç›®éŒ„: å°å…¥æˆåŠŸ
grep.md is updated
updating for: index.md
ç›®éŒ„: å°å…¥æˆåŠŸ
index.md [91mUPDAT FAILED!!![0m
updating for: layout.md
ç›®éŒ„: å°å…¥æˆåŠŸ
layout.md [91mUPDAT FAILED!!![0m
updating for: linux-tools.md
ç›®éŒ„: å°å…¥æˆåŠŸ
linux-tools.md is updated
updating for: manjaro.md
ç›®éŒ„: å°å…¥æˆåŠŸ
manjaro.md is updated
updating for: Matain.md
ç›®éŒ„: å°å…¥æˆåŠŸ
Matain.md is updated
updating for: mount.md
ç›®éŒ„: å°å…¥æˆåŠŸ
mount.md is updated
updating for: mysql.md
ç›®éŒ„: å°å…¥æˆåŠŸ
mysql.md is updated
updating for: popos.md
ç›®éŒ„: å°å…¥æˆåŠŸ
popos.md is updated
updating for: sed.md
ç›®éŒ„: å°å…¥æˆåŠŸ
sed.md is updated
updating for: Shop-store.md
ç›®éŒ„: å°å…¥æˆåŠŸ
Shop-store.md is updated
updating for: slurm.md
ç›®éŒ„: å°å…¥æˆåŠŸ
slurm.md is updated
updating for: Start-With-Rasberry-pi.md
ç›®éŒ„: å°å…¥æˆåŠŸ
Start-With-Rasberry-pi.md is updated
updating for: summary.md
ç›®éŒ„: å°å…¥æˆåŠŸ
summary.md [91mUPDAT FAILED!!![0m
updating for: System.md
ç›®éŒ„: å°å…¥æˆåŠŸ
System.md is updated
updating for: tar.md
ç›®éŒ„: å°å…¥æˆåŠŸ
tar.md is updated
updating for: terminal-speed.md
ç›®éŒ„: å°å…¥æˆåŠŸ
terminal-speed.md is updated
updating for: Termux.md
ç›®éŒ„: å°å…¥æˆåŠŸ
Termux.md is updated
updating for: tmux.md
ç›®éŒ„: å°å…¥æˆåŠŸ
tmux.md is updated
updating for: To-Start-With-Linux.md
ç›®éŒ„: å°å…¥æˆåŠŸ
To-Start-With-Linux.md is updated
updating for: while-if-case.md
ç›®éŒ„: å°å…¥æˆåŠŸ
while-if-case.md is updated
updating for: yuque.yml
ç›®éŒ„: å°å…¥æˆåŠŸ
yuque.yml [91mUPDAT FAILED!!![0m
updating for: Animation-Text.md
ç›®éŒ„: å°å…¥æˆåŠŸ
Animation-Text.md is updated
updating for: argparse.md
ç›®éŒ„: å°å…¥æˆåŠŸ
argparse.md is updated
updating for: BaseMap.md
ç›®éŒ„: å°å…¥æˆåŠŸ
BaseMap.md is updated
updating for: base.md
ç›®éŒ„: å°å…¥æˆåŠŸ
base.md is updated
updating for: Biopython.md
ç›®éŒ„: å°å…¥æˆåŠŸ
Biopython.md is updated
updating for: Bio_SSP.md
ç›®éŒ„: å°å…¥æˆåŠŸ
Bio_SSP.md is updated
updating for: Citation_format.md
ç›®éŒ„: å°å…¥æˆåŠŸ
Citation_format.md is updated
updating for: Crawler.md
ç›®éŒ„: å°å…¥æˆåŠŸ
Crawler.md is updated
updating for: data_skill.md
ç›®éŒ„: å°å…¥æˆåŠŸ
data_skill.md is updated
updating for: dbscan.md
ç›®éŒ„: å°å…¥æˆåŠŸ
dbscan.md is updated
updating for: Encode_decode.md
ç›®éŒ„: å°å…¥æˆåŠŸ
Encode_decode.md is updated
updating for: fastqc_crawl.md
ç›®éŒ„: å°å…¥æˆåŠŸ
fastqc_crawl.md is updated
updating for: ftp.md
ç›®éŒ„: å°å…¥æˆåŠŸ
ftp.md is updated
updating for: geomitry.md
ç›®éŒ„: å°å…¥æˆåŠŸ
geomitry.md is updated
updating for: HTML-server.md
ç›®éŒ„: å°å…¥æˆåŠŸ
HTML-server.md is updated
updating for: imageai.md
ç›®éŒ„: å°å…¥æˆåŠŸ
imageai.md is updated
updating for: index.md
ç›®éŒ„: å°å…¥æˆåŠŸ
index.md [91mUPDAT FAILED!!![0m
updating for: itchat.md
ç›®éŒ„: å°å…¥æˆåŠŸ
itchat.md is updated
updating for: json.md
ç›®éŒ„: å°å…¥æˆåŠŸ
json.md is updated
updating for: jupyter.md
ç›®éŒ„: å°å…¥æˆåŠŸ
jupyter.md is updated
updating for: kivy_adblog.md
ç›®éŒ„: å°å…¥æˆåŠŸ
kivy_adblog.md is updated
updating for: kivy_android_webviewer.md
ç›®éŒ„: å°å…¥æˆåŠŸ
kivy_android_webviewer.md is updated
updating for: Kivy_bubble.md
ç›®éŒ„: å°å…¥æˆåŠŸ
Kivy_bubble.md is updated
updating for: kivy_buildozer.md
ç›®éŒ„: å°å…¥æˆåŠŸ
kivy_buildozer.md is updated
updating for: kivy-Buildozer.md
ç›®éŒ„: å°å…¥æˆåŠŸ
kivy-Buildozer.md is updated
updating for: kivy_Cross-platform-App.md
ç›®éŒ„: å°å…¥æˆåŠŸ
kivy_Cross-platform-App.md is updated
updating for: Kivy_document.md
ç›®éŒ„: å°å…¥æˆåŠŸ
Kivy_document.md is updated
updating for: kivy_filechooser.md
ç›®éŒ„: å°å…¥æˆåŠŸ
kivy_filechooser.md is updated
updating for: kivy-inaction-tb-1.md
ç›®éŒ„: å°å…¥æˆåŠŸ
kivy-inaction-tb-1.md is updated
updating for: kivy-inaction-tb-2.md
ç›®éŒ„: å°å…¥æˆåŠŸ
kivy-inaction-tb-2.md is updated
updating for: kivy-inaction-tb-3.md
ç›®éŒ„: å°å…¥æˆåŠŸ
kivy-inaction-tb-3.md is updated
updating for: kivy-inaction-tb-4.md
ç›®éŒ„: å°å…¥æˆåŠŸ
kivy-inaction-tb-4.md is updated
updating for: kivy-inaction-tb-5.md
ç›®éŒ„: å°å…¥æˆåŠŸ
kivy-inaction-tb-5.md is updated
updating for: kivy-inaction-tb-6.md
ç›®éŒ„: å°å…¥æˆåŠŸ
kivy-inaction-tb-6.md is updated
updating for: kivy-inaction-tb-7.md
ç›®éŒ„: å°å…¥æˆåŠŸ
kivy-inaction-tb-7.md is updated
updating for: kivy-inaction-tb-8.md
ç›®éŒ„: å°å…¥æˆåŠŸ
kivy-inaction-tb-8.md is updated
updating for: kivy-inaction-tb-9.md
ç›®éŒ„: å°å…¥æˆåŠŸ
kivy-inaction-tb-9.md is updated
updating for: kivy_platform.md
ç›®éŒ„: å°å…¥æˆåŠŸ
kivy_platform.md is updated
updating for: kivy-screen-commu.md
ç›®éŒ„: å°å…¥æˆåŠŸ
kivy-screen-commu.md is updated
updating for: kivy_scrollview.md
ç›®éŒ„: å°å…¥æˆåŠŸ
kivy_scrollview.md is updated
updating for: Kivy_sent1.md
ç›®éŒ„: å°å…¥æˆåŠŸ
Kivy_sent1.md is updated
updating for: Kivy_sent3.md
ç›®éŒ„: å°å…¥æˆåŠŸ
Kivy_sent3.md is updated
updating for: Kivy_sline.md
ç›®éŒ„: å°å…¥æˆåŠŸ
Kivy_sline.md is updated
updating for: kivy_tips.md
ç›®éŒ„: å°å…¥æˆåŠŸ
kivy_tips.md is updated
updating for: kivy-tutorial.md
ç›®éŒ„: å°å…¥æˆåŠŸ
kivy-tutorial.md is updated
updating for: kivy-video2audio.md
ç›®éŒ„: å°å…¥æˆåŠŸ
kivy-video2audio.md is updated
updating for: kivy-write2android.md
ç›®éŒ„: å°å…¥æˆåŠŸ
kivy-write2android.md is updated
updating for: layout.md
ç›®éŒ„: å°å…¥æˆåŠŸ
layout.md [91mUPDAT FAILED!!![0m
updating for: librosa.md
ç›®éŒ„: å°å…¥æˆåŠŸ
librosa.md is updated
updating for: lsm2tif.md
ç›®éŒ„: å°å…¥æˆåŠŸ
lsm2tif.md is updated
updating for: Matplotlib.md
ç›®éŒ„: å°å…¥æˆåŠŸ
Matplotlib.md is updated
updating for: ML.md
ç›®éŒ„: å°å…¥æˆåŠŸ
ML.md is updated
updating for: multyprocesser.md
ç›®éŒ„: å°å…¥æˆåŠŸ
multyprocesser.md is updated
updating for: npyscreen.md
ç›®éŒ„: å°å…¥æˆåŠŸ
npyscreen.md is updated
updating for: numpy.md
ç›®éŒ„: å°å…¥æˆåŠŸ
numpy.md is updated
updating for: opencv-digital-signal-detect.md
ç›®éŒ„: å°å…¥æˆåŠŸ
opencv-digital-signal-detect.md is updated
updating for: opencv-edge-detect.md
ç›®éŒ„: å°å…¥æˆåŠŸ
opencv-edge-detect.md is updated
updating for: Opencv_gif.md
ç›®éŒ„: å°å…¥æˆåŠŸ
Opencv_gif.md is updated
updating for: opencv-img-align.md
ç›®éŒ„: å°å…¥æˆåŠŸ
opencv-img-align.md is updated
updating for: opencv-img-stitch.md
ç›®éŒ„: å°å…¥æˆåŠŸ
opencv-img-stitch.md is updated
updating for: opencv-img-trans.md
ç›®éŒ„: å°å…¥æˆåŠŸ
opencv-img-trans.md is updated
updating for: OpenCV.md
ç›®éŒ„: å°å…¥æˆåŠŸ
OpenCV.md is updated
updating for: opencv-progressbar.md
ç›®éŒ„: å°å…¥æˆåŠŸ
opencv-progressbar.md is updated
updating for: opencv-v-paste.md
ç›®éŒ„: å°å…¥æˆåŠŸ
opencv-v-paste.md is updated
updating for: opencv-v-sm.md
ç›®éŒ„: å°å…¥æˆåŠŸ
opencv-v-sm.md is updated
updating for: orc.md
ç›®éŒ„: å°å…¥æˆåŠŸ
orc.md is updated
updating for: Pandas.md
ç›®éŒ„: å°å…¥æˆåŠŸ
Pandas.md is updated
updating for: PDF.md
ç›®éŒ„: å°å…¥æˆåŠŸ
PDF.md is updated
updating for: PIL_np.array.md
ç›®éŒ„: å°å…¥æˆåŠŸ
PIL_np.array.md is updated
updating for: pip.md
ç›®éŒ„: å°å…¥æˆåŠŸ
pip.md is updated
updating for: Plot-in-the-Terminal.md
ç›®éŒ„: å°å…¥æˆåŠŸ
Plot-in-the-Terminal.md is updated
updating for: point_outline.md
ç›®éŒ„: å°å…¥æˆåŠŸ
point_outline.md is updated
updating for: popmail.md
ç›®éŒ„: å°å…¥æˆåŠŸ
popmail.md is updated
updating for: py_cellmask.md
ç›®éŒ„: å°å…¥æˆåŠŸ
py_cellmask.md is updated
updating for: py-gam.md
ç›®éŒ„: å°å…¥æˆåŠŸ
py-gam.md is updated
updating for: pynput.md
ç›®éŒ„: å°å…¥æˆåŠŸ
pynput.md is updated
updating for: python-2D-density-plot.md
ç›®éŒ„: å°å…¥æˆåŠŸ
python-2D-density-plot.md is updated
updating for: python-begin1.md
ç›®éŒ„: å°å…¥æˆåŠŸ
python-begin1.md is updated
updating for: QT.md
ç›®éŒ„: å°å…¥æˆåŠŸ
QT.md is updated
updating for: seaborn.md
ç›®éŒ„: å°å…¥æˆåŠŸ
seaborn.md is updated
updating for: sklearn-regression.md
ç›®éŒ„: å°å…¥æˆåŠŸ
sklearn-regression.md is updated
updating for: summary.md
ç›®éŒ„: å°å…¥æˆåŠŸ
summary.md [91mUPDAT FAILED!!![0m
updating for: Tensorflow.md
ç›®éŒ„: å°å…¥æˆåŠŸ
Tensorflow.md is updated
updating for: Tensorflow-Numbers-k.md
ç›®éŒ„: å°å…¥æˆåŠŸ
Tensorflow-Numbers-k.md is updated
updating for: threading.md
ç›®éŒ„: å°å…¥æˆåŠŸ
threading.md is updated
updating for: Transfer_Learning.md
ç›®éŒ„: å°å…¥æˆåŠŸ
Transfer_Learning.md is updated
updating for: TUI-libs.md
ç›®éŒ„: å°å…¥æˆåŠŸ
TUI-libs.md is updated
updating for: urwid.md
ç›®éŒ„: å°å…¥æˆåŠŸ
urwid.md is updated
updating for: Vedio_reverse.py.md
ç›®éŒ„: å°å…¥æˆåŠŸ
Vedio_reverse.py.md is updated
updating for: VedioSlice.py.md
ç›®éŒ„: å°å…¥æˆåŠŸ
VedioSlice.py.md is updated
updating for: video2audio.md
ç›®éŒ„: å°å…¥æˆåŠŸ
video2audio.md is updated
updating for: wordcloud.md
ç›®éŒ„: å°å…¥æˆåŠŸ
wordcloud.md is updated
updating for: yolov5.md
ç›®éŒ„: å°å…¥æˆåŠŸ
yolov5.md is updated
updating for: yuqueAPI.md
ç›®éŒ„: å°å…¥æˆåŠŸ
yuqueAPI.md is updated
updating for: yuque.yml
ç›®éŒ„: å°å…¥æˆåŠŸ
yuque.yml [91mUPDAT FAILED!!![0m
updating for: anova-r.md
ç›®éŒ„: å°å…¥æˆåŠŸ
anova-r.md is updated
updating for: Base-and-tricks.md
ç›®éŒ„: å°å…¥æˆåŠŸ
Base-and-tricks.md is updated
updating for: binary-tree.md
ç›®éŒ„: å°å…¥æˆåŠŸ
binary-tree.md is updated
updating for: Biostrings.md
ç›®éŒ„: å°å…¥æˆåŠŸ
Biostrings.md is updated
updating for: BSgenome.md
ç›®éŒ„: å°å…¥æˆåŠŸ
BSgenome.md is updated
updating for: circlize.md
ç›®éŒ„: å°å…¥æˆåŠŸ
circlize.md is updated
updating for: clusterProfiler.md
ç›®éŒ„: å°å…¥æˆåŠŸ
clusterProfiler.md is updated
updating for: Correlation.md
ç›®éŒ„: å°å…¥æˆåŠŸ
Correlation.md is updated
updating for: Data-cleaning.md
ç›®éŒ„: å°å…¥æˆåŠŸ
Data-cleaning.md is updated
updating for: Data-normalization.md
ç›®éŒ„: å°å…¥æˆåŠŸ
Data-normalization.md is updated
updating for: Density-plot.md
ç›®éŒ„: å°å…¥æˆåŠŸ
Density-plot.md is updated
updating for: edgeR.md
ç›®éŒ„: å°å…¥æˆåŠŸ
edgeR.md is updated
updating for: fonts.md
ç›®éŒ„: å°å…¥æˆåŠŸ
fonts.md is updated
updating for: geom_bar.md
ç›®éŒ„: å°å…¥æˆåŠŸ
geom_bar.md is updated
updating for: geom_bin2d.md
ç›®éŒ„: å°å…¥æˆåŠŸ
geom_bin2d.md is updated
updating for: geom_boxplot.md
ç›®éŒ„: å°å…¥æˆåŠŸ
geom_boxplot.md is updated
updating for: geom_curve.md
ç›®éŒ„: å°å…¥æˆåŠŸ
geom_curve.md is updated
updating for: geom-Extra-Lines.md
ç›®éŒ„: å°å…¥æˆåŠŸ
geom-Extra-Lines.md is updated
updating for: geom_hex.md
ç›®éŒ„: å°å…¥æˆåŠŸ
geom_hex.md is updated
updating for: geom_pie.md
ç›®éŒ„: å°å…¥æˆåŠŸ
geom_pie.md is updated
updating for: geom_qq.md
ç›®éŒ„: å°å…¥æˆåŠŸ
geom_qq.md is updated
updating for: geom_quantile.md
ç›®éŒ„: å°å…¥æˆåŠŸ
geom_quantile.md is updated
updating for: geom_rangeframe.md
ç›®éŒ„: å°å…¥æˆåŠŸ
geom_rangeframe.md is updated
updating for: geom_rect.md
ç›®éŒ„: å°å…¥æˆåŠŸ
geom_rect.md is updated
updating for: geom_rug.md
ç›®éŒ„: å°å…¥æˆåŠŸ
geom_rug.md is updated
updating for: geom_segment.md
ç›®éŒ„: å°å…¥æˆåŠŸ
geom_segment.md is updated
updating for: geom_sf.md
ç›®éŒ„: å°å…¥æˆåŠŸ
geom_sf.md is updated
updating for: geom_step.md
ç›®éŒ„: å°å…¥æˆåŠŸ
geom_step.md is updated
updating for: geom_tile.md
ç›®éŒ„: å°å…¥æˆåŠŸ
geom_tile.md is updated
updating for: geom_tufteboxplot.md
ç›®éŒ„: å°å…¥æˆåŠŸ
geom_tufteboxplot.md is updated
updating for: geom_violin.md
ç›®éŒ„: å°å…¥æˆåŠŸ
geom_violin.md is updated
updating for: GG3D.md
ç›®éŒ„: å°å…¥æˆåŠŸ
GG3D.md is updated
updating for: ggalluvial.md
ç›®éŒ„: å°å…¥æˆåŠŸ
ggalluvial.md is updated
updating for: gganimate.md
ç›®éŒ„: å°å…¥æˆåŠŸ
gganimate.md is updated
updating for: ggbio.md
ç›®éŒ„: å°å…¥æˆåŠŸ
ggbio.md is updated
updating for: GGcal.md
ç›®éŒ„: å°å…¥æˆåŠŸ
GGcal.md is updated
updating for: GG_goplot.md
ç›®éŒ„: å°å…¥æˆåŠŸ
GG_goplot.md is updated
updating for: ggkaboom.md
ç›®éŒ„: å°å…¥æˆåŠŸ
ggkaboom.md is updated
updating for: GGmap.md
ç›®éŒ„: å°å…¥æˆåŠŸ
GGmap.md is updated
updating for: GGmap_polygon.md
ç›®éŒ„: å°å…¥æˆåŠŸ
GGmap_polygon.md is updated
updating for: ggplot-bubble-tree.md
ç›®éŒ„: å°å…¥æˆåŠŸ
ggplot-bubble-tree.md is updated
updating for: GGplot.md
ç›®éŒ„: å°å…¥æˆåŠŸ
GGplot.md is updated
updating for: GGplot_tricks.md
ç›®éŒ„: å°å…¥æˆåŠŸ
GGplot_tricks.md is updated
updating for: GGradar.md
ç›®éŒ„: å°å…¥æˆåŠŸ
GGradar.md is updated
updating for: ggtree.md
ç›®éŒ„: å°å…¥æˆåŠŸ
ggtree.md is updated
updating for: ggupset.md
ç›®éŒ„: å°å…¥æˆåŠŸ
ggupset.md is updated
updating for: jpg_reading_c.md
ç›®éŒ„: å°å…¥æˆåŠŸ
jpg_reading_c.md is updated
updating for: layout.md
ç›®éŒ„: å°å…¥æˆåŠŸ
layout.md [91mUPDAT FAILED!!![0m
updating for: leaflet.md
ç›®éŒ„: å°å…¥æˆåŠŸ
leaflet.md is updated
updating for: library.md
ç›®éŒ„: å°å…¥æˆåŠŸ
library.md is updated
updating for: logistic_curve.md
ç›®éŒ„: å°å…¥æˆåŠŸ
logistic_curve.md is updated
updating for: Machine_Learning.md
ç›®éŒ„: å°å…¥æˆåŠŸ
Machine_Learning.md is updated
updating for: magick_png.md
ç›®éŒ„: å°å…¥æˆåŠŸ
magick_png.md is updated
updating for: nCov.md
ç›®éŒ„: å°å…¥æˆåŠŸ
nCov.md is updated
updating for: nCov-visualization.md
ç›®éŒ„: å°å…¥æˆåŠŸ
nCov-visualization.md is updated
updating for: NetWorkPlot.md
ç›®éŒ„: å°å…¥æˆåŠŸ
NetWorkPlot.md is updated
updating for: Other-Tutories.md
ç›®éŒ„: å°å…¥æˆåŠŸ
Other-Tutories.md is updated
updating for: pathview.md
ç›®éŒ„: å°å…¥æˆåŠŸ
pathview.md is updated
updating for: PCA.md
ç›®éŒ„: å°å…¥æˆåŠŸ
PCA.md is updated
updating for: pheatmap.md
ç›®éŒ„: å°å…¥æˆåŠŸ
pheatmap.md is updated
updating for: Ploty.md
ç›®éŒ„: å°å…¥æˆåŠŸ
Ploty.md is updated
updating for: r_ab1.md
ç›®éŒ„: å°å…¥æˆåŠŸ
r_ab1.md is updated
updating for: regression.md
ç›®éŒ„: å°å…¥æˆåŠŸ
regression.md is updated
updating for: R_errors.md
ç›®éŒ„: å°å…¥æˆåŠŸ
R_errors.md is updated
updating for: R-gitgg.md
ç›®éŒ„: å°å…¥æˆåŠŸ
R-gitgg.md is updated
updating for: Rin3min.md
ç›®éŒ„: å°å…¥æˆåŠŸ
Rin3min.md is updated
updating for: R-riverplot.md
ç›®éŒ„: å°å…¥æˆåŠŸ
R-riverplot.md is updated
updating for: R-rsm.md
ç›®éŒ„: å°å…¥æˆåŠŸ
R-rsm.md is updated
updating for: Start.md
ç›®éŒ„: å°å…¥æˆåŠŸ
Start.md is updated
updating for: summary.md
ç›®éŒ„: å°å…¥æˆåŠŸ
summary.md [91mUPDAT FAILED!!![0m
updating for: WGCNA_1.md
ç›®éŒ„: å°å…¥æˆåŠŸ
WGCNA_1.md is updated
updating for: WGCNA_2.md
ç›®éŒ„: å°å…¥æˆåŠŸ
WGCNA_2.md is updated
updating for: WGCNA.md
ç›®éŒ„: å°å…¥æˆåŠŸ
WGCNA.md is updated
updating for: wordcloud.md
ç›®éŒ„: å°å…¥æˆåŠŸ
wordcloud.md is updated
updating for: XGBoost.md
ç›®éŒ„: å°å…¥æˆåŠŸ
XGBoost.md is updated
updating for: yuque.yml
ç›®éŒ„: å°å…¥æˆåŠŸ
yuque.yml [91mUPDAT FAILED!!![0m
